[
    {
        "name": "AnimesZone",
        "results": {
            "popular": {
                "error": "eu.kanade.tachiyomi.network.HttpException: HTTP error 403",
                "passed": false
            },
            "latest": {
                "error": "eu.kanade.tachiyomi.network.HttpException: HTTP error 403",
                "passed": false
            },
            "search": {
                "error": "eu.kanade.tachiyomi.network.HttpException: HTTP error 403",
                "passed": false
            },
            "details": {
                "error": "java.io.IOException: com.microsoft.playwright.PlaywrightException: Error {\n  message='Browser closed.\n==================== Browser output: ====================\n<launching> /usr/bin/chromium-browser --disable-field-trial-config --disable-background-networking --enable-features=NetworkService,NetworkServiceInProcess --disable-background-timer-throttling --disable-backgrounding-occluded-windows --disable-back-forward-cache --disable-breakpad --disable-client-side-phishing-detection --disable-component-extensions-with-background-pages --disable-component-update --no-default-browser-check --disable-default-apps --disable-dev-shm-usage --disable-extensions --disable-features=ImprovedCookieControls,LazyFrameLoading,GlobalMediaControls,DestroyProfileOnBrowserClose,MediaRouter,DialMediaRouteProvider,AcceptCHFrame,AutoExpandDetailsElement,CertificateTransparencyComponentUpdater,AvoidUnnecessaryBeforeUnloadCheckSync,Translate --allow-pre-commit-input --disable-hang-monitor --disable-ipc-flooding-protection --disable-popup-blocking --disable-prompt-on-repost --disable-renderer-backgrounding --force-color-profile=srgb --metrics-recording-only --no-first-run --enable-automation --password-store=basic --use-mock-keychain --no-service-autorun --export-tagged-pdf --no-sandbox --disable-gpu --no-sandbox --disable-dev-shm-usage --no-first-run --no-service-autorun --no-default-browser-check --password-store=basic --incognito --user-data-dir=/tmp/playwright_chromiumdev_profile-f7xk1p --remote-debugging-pipe --no-startup-window\n<launched> pid=2050\n[pid=2050][err] [2050:2064:0622/011038.855677:ERROR:bus.cc(399)] Failed to connect to the bus: Could not parse server address: Unknown address type (examples of valid types are \"tcp\" and on UNIX \"unix\")\n[pid=2050][err] [2050:2064:0622/011038.855744:ERROR:bus.cc(399)] Failed to connect to the bus: Could not parse server address: Unknown address type (examples of valid types are \"tcp\" and on UNIX \"unix\")\n[pid=2050][err] [2050:2064:0622/011038.855760:ERROR:bus.cc(399)] Failed to connect to the bus: Could not parse server address: Unknown address type (examples of valid types are \"tcp\" and on UNIX \"unix\")\n[pid=2050][err] [2050:2064:0622/011038.855771:ERROR:bus.cc(399)] Failed to connect to the bus: Could not parse server address: Unknown address type (examples of valid types are \"tcp\" and on UNIX \"unix\")\n[pid=2050][err] [0622/011038.882106:ERROR:file_io_posix.cc(144)] open /sys/devices/system/cpu/cpu0/cpufreq/scaling_cur_freq: No such file or directory (2)\n[pid=2050][err] [0622/011038.882176:ERROR:file_io_posix.cc(144)] open /sys/devices/system/cpu/cpu0/cpufreq/scaling_max_freq: No such file or directory (2)\n[pid=2050][err] Received signal 11 SEGV_MAPERR 000000000000\n[pid=2050][err] #0 0x55ec4e439792 base::debug::CollectStackTrace()\n[pid=2050][err] #1 0x55ec4e426123 base::debug::StackTrace::StackTrace()\n[pid=2050][err] #2 0x55ec4e439221 base::debug::(anonymous namespace)::StackDumpSignalHandler()\n[pid=2050][err] #3 0x7f7df9ba6520 (/usr/lib/x86_64-linux-gnu/libc.so.6+0x4251f)\n[pid=2050][err] #4 0x55ec4e939f6d net::internal::AddressTrackerLinux::SetDiffCallback()\n[pid=2050][err] #5 0x55ec4c730c2b content::NetworkServiceClient::OnNetworkServiceInitialized()\n[pid=2050][err] #6 0x55ec4c732aa0 content::GetNetworkService()\n[pid=2050][err] #7 0x55ec4f08c376 network::NetworkQualityTracker::InitializeMojoChannel()\n[pid=2050][err] #8 0x55ec4f08c30e network::NetworkQualityTracker::NetworkQualityTracker()\n[pid=2050][err] #9 0x55ec4ded176e BrowserProcessImpl::network_quality_tracker()\n[pid=2050][err] #10 0x55ec4ded3163 BrowserProcessImpl::PreMainMessageLoopRun()\n[pid=2050][err] #11 0x55ec4decdf8f ChromeBrowserMainParts::PreMainMessageLoopRunImpl()\n[pid=2050][err] #12 0x55ec4decde8a ChromeBrowserMainParts::PreMainMessageLoopRun()\n[pid=2050][err] #13 0x55ec4c3ea228 content::BrowserMainLoop::PreMainMessageLoopRun()\n[pid=2050][err] #14 0x55ec4ca5d39b content::StartupTaskRunner::RunAllTasksNow()\n[pid=2050][err] #15 0x55ec4c3e9e77 content::BrowserMainLoop::CreateStartupTasks()\n[pid=2050][err] #16 0x55ec4c3ec7ee content::BrowserMainRunnerImpl::Initialize()\n[pid=2050][err] #17 0x55ec4c3e85ad content::BrowserMain()\n[pid=2050][err] #18 0x55ec4d8c7228 content::RunBrowserProcessMain()\n[pid=2050][err] #19 0x55ec4d8c8b24 content::ContentMainRunnerImpl::RunBrowser()\n[pid=2050][err] #20 0x55ec4d8c8915 content::ContentMainRunnerImpl::Run()\n[pid=2050][err] #21 0x55ec4d8c604c content::RunContentProcess()\n[pid=2050][err] #22 0x55ec4d8c61b6 content::ContentMain()\n[pid=2050][err] #23 0x55ec49fd6309 ChromeMain\n[pid=2050][err] #24 0x7f7df9b8dd90 (/usr/lib/x86_64-linux-gnu/libc.so.6+0x29d8f)\n[pid=2050][err] #25 0x7f7df9b8de40 __libc_start_main\n[pid=2050][err] #26 0x55ec49fd602a _start\n[pid=2050][err]   r8: 0000034c00b953c0  r9: 0000000000000000 r10: 000055ec54dd2cc0 r11: 0000000000000000\n[pid=2050][err]  r12: 0000034c00b953c0 r13: 00007ffeb05788d0 r14: 0000034c0036dc00 r15: 0000034c0036dc00\n[pid=2050][err]   di: 0000000000000000  si: 0000034c00b953c0  bp: 00007ffeb0578890  bx: 0000034c00640540\n[pid=2050][err]   dx: 000055ec4c7317a0  ax: 000055ec4c730c80  cx: 000055ec48191900  sp: 00007ffeb0578820\n[pid=2050][err]   ip: 000055ec4e939f6d efl: 0000000000010202 cgf: 002b000000000033 erf: 0000000000000004\n[pid=2050][err]  trp: 000000000000000e msk: 0000000000000000 cr2: 0000000000000000\n[pid=2050][err] [end of stack trace]\n[pid=2050][err] [0622/011040.736754:ERROR:nacl_helper_linux.cc(355)] NaCl helper process running without a sandbox!\n[pid=2050][err] Most likely you need to configure your SUID sandbox correctly\n=========================== logs ===========================\n<launching> /usr/bin/chromium-browser --disable-field-trial-config --disable-background-networking --enable-features=NetworkService,NetworkServiceInProcess --disable-background-timer-throttling --disable-backgrounding-occluded-windows --disable-back-forward-cache --disable-breakpad --disable-client-side-phishing-detection --disable-component-extensions-with-background-pages --disable-component-update --no-default-browser-check --disable-default-apps --disable-dev-shm-usage --disable-extensions --disable-features=ImprovedCookieControls,LazyFrameLoading,GlobalMediaControls,DestroyProfileOnBrowserClose,MediaRouter,DialMediaRouteProvider,AcceptCHFrame,AutoExpandDetailsElement,CertificateTransparencyComponentUpdater,AvoidUnnecessaryBeforeUnloadCheckSync,Translate --allow-pre-commit-input --disable-hang-monitor --disable-ipc-flooding-protection --disable-popup-blocking --disable-prompt-on-repost --disable-renderer-backgrounding --force-color-profile=srgb --metrics-recording-only --no-first-run --enable-automation --password-store=basic --use-mock-keychain --no-service-autorun --export-tagged-pdf --no-sandbox --disable-gpu --no-sandbox --disable-dev-shm-usage --no-first-run --no-service-autorun --no-default-browser-check --password-store=basic --incognito --user-data-dir=/tmp/playwright_chromiumdev_profile-f7xk1p --remote-debugging-pipe --no-startup-window\n<launched> pid=2050\n[pid=2050][err] [2050:2064:0622/011038.855677:ERROR:bus.cc(399)] Failed to connect to the bus: Could not parse server address: Unknown address type (examples of valid types are \"tcp\" and on UNIX \"unix\")\n[pid=2050][err] [2050:2064:0622/011038.855744:ERROR:bus.cc(399)] Failed to connect to the bus: Could not parse server address: Unknown address type (examples of valid types are \"tcp\" and on UNIX \"unix\")\n[pid=2050][err] [2050:2064:0622/011038.855760:ERROR:bus.cc(399)] Failed to connect to the bus: Could not parse server address: Unknown address type (examples of valid types are \"tcp\" and on UNIX \"unix\")\n[pid=2050][err] [2050:2064:0622/011038.855771:ERROR:bus.cc(399)] Failed to connect to the bus: Could not parse server address: Unknown address type (examples of valid types are \"tcp\" and on UNIX \"unix\")\n[pid=2050][err] [0622/011038.882106:ERROR:file_io_posix.cc(144)] open /sys/devices/system/cpu/cpu0/cpufreq/scaling_cur_freq: No such file or directory (2)\n[pid=2050][err] [0622/011038.882176:ERROR:file_io_posix.cc(144)] open /sys/devices/system/cpu/cpu0/cpufreq/scaling_max_freq: No such file or directory (2)\n[pid=2050][err] Received signal 11 SEGV_MAPERR 000000000000\n[pid=2050][err] #0 0x55ec4e439792 base::debug::CollectStackTrace()\n[pid=2050][err] #1 0x55ec4e426123 base::debug::StackTrace::StackTrace()\n[pid=2050][err] #2 0x55ec4e439221 base::debug::(anonymous namespace)::StackDumpSignalHandler()\n[pid=2050][err] #3 0x7f7df9ba6520 (/usr/lib/x86_64-linux-gnu/libc.so.6+0x4251f)\n[pid=2050][err] #4 0x55ec4e939f6d net::internal::AddressTrackerLinux::SetDiffCallback()\n[pid=2050][err] #5 0x55ec4c730c2b content::NetworkServiceClient::OnNetworkServiceInitialized()\n[pid=2050][err] #6 0x55ec4c732aa0 content::GetNetworkService()\n[pid=2050][err] #7 0x55ec4f08c376 network::NetworkQualityTracker::InitializeMojoChannel()\n[pid=2050][err] #8 0x55ec4f08c30e network::NetworkQualityTracker::NetworkQualityTracker()\n[pid=2050][err] #9 0x55ec4ded176e BrowserProcessImpl::network_quality_tracker()\n[pid=2050][err] #10 0x55ec4ded3163 BrowserProcessImpl::PreMainMessageLoopRun()\n[pid=2050][err] #11 0x55ec4decdf8f ChromeBrowserMainParts::PreMainMessageLoopRunImpl()\n[pid=2050][err] #12 0x55ec4decde8a ChromeBrowserMainParts::PreMainMessageLoopRun()\n[pid=2050][err] #13 0x55ec4c3ea228 content::BrowserMainLoop::PreMainMessageLoopRun()\n[pid=2050][err] #14 0x55ec4ca5d39b content::StartupTaskRunner::RunAllTasksNow()\n[pid=2050][err] #15 0x55ec4c3e9e77 content::BrowserMainLoop::CreateStartupTasks()\n[pid=2050][err] #16 0x55ec4c3ec7ee content::BrowserMainRunnerImpl::Initialize()\n[pid=2050][err] #17 0x55ec4c3e85ad content::BrowserMain()\n[pid=2050][err] #18 0x55ec4d8c7228 content::RunBrowserProcessMain()\n[pid=2050][err] #19 0x55ec4d8c8b24 content::ContentMainRunnerImpl::RunBrowser()\n[pid=2050][err] #20 0x55ec4d8c8915 content::ContentMainRunnerImpl::Run()\n[pid=2050][err] #21 0x55ec4d8c604c content::RunContentProcess()\n[pid=2050][err] #22 0x55ec4d8c61b6 content::ContentMain()\n[pid=2050][err] #23 0x55ec49fd6309 ChromeMain\n[pid=2050][err] #24 0x7f7df9b8dd90 (/usr/lib/x86_64-linux-gnu/libc.so.6+0x29d8f)\n[pid=2050][err] #25 0x7f7df9b8de40 __libc_start_main\n[pid=2050][err] #26 0x55ec49fd602a _start\n[pid=2050][err]   r8: 0000034c00b953c0  r9: 0000000000000000 r10: 000055ec54dd2cc0 r11: 0000000000000000\n[pid=2050][err]  r12: 0000034c00b953c0 r13: 00007ffeb05788d0 r14: 0000034c0036dc00 r15: 0000034c0036dc00\n[pid=2050][err]   di: 0000000000000000  si: 0000034c00b953c0  bp: 00007ffeb0578890  bx: 0000034c00640540\n[pid=2050][err]   dx: 000055ec4c7317a0  ax: 000055ec4c730c80  cx: 000055ec48191900  sp: 00007ffeb0578820\n[pid=2050][err]   ip: 000055ec4e939f6d efl: 0000000000010202 cgf: 002b000000000033 erf: 0000000000000004\n[pid=2050][err]  trp: 000000000000000e msk: 0000000000000000 cr2: 0000000000000000\n[pid=2050][err] [end of stack trace]\n[pid=2050][err] [0622/011040.736754:ERROR:nacl_helper_linux.cc(355)] NaCl helper process running without a sandbox!\n[pid=2050][err] Most likely you need to configure your SUID sandbox correctly\n============================================================\n  name='Error\n  stack='Error: Browser closed.\n==================== Browser output: ====================\n<launching> /usr/bin/chromium-browser --disable-field-trial-config --disable-background-networking --enable-features=NetworkService,NetworkServiceInProcess --disable-background-timer-throttling --disable-backgrounding-occluded-windows --disable-back-forward-cache --disable-breakpad --disable-client-side-phishing-detection --disable-component-extensions-with-background-pages --disable-component-update --no-default-browser-check --disable-default-apps --disable-dev-shm-usage --disable-extensions --disable-features=ImprovedCookieControls,LazyFrameLoading,GlobalMediaControls,DestroyProfileOnBrowserClose,MediaRouter,DialMediaRouteProvider,AcceptCHFrame,AutoExpandDetailsElement,CertificateTransparencyComponentUpdater,AvoidUnnecessaryBeforeUnloadCheckSync,Translate --allow-pre-commit-input --disable-hang-monitor --disable-ipc-flooding-protection --disable-popup-blocking --disable-prompt-on-repost --disable-renderer-backgrounding --force-color-profile=srgb --metrics-recording-only --no-first-run --enable-automation --password-store=basic --use-mock-keychain --no-service-autorun --export-tagged-pdf --no-sandbox --disable-gpu --no-sandbox --disable-dev-shm-usage --no-first-run --no-service-autorun --no-default-browser-check --password-store=basic --incognito --user-data-dir=/tmp/playwright_chromiumdev_profile-f7xk1p --remote-debugging-pipe --no-startup-window\n<launched> pid=2050\n[pid=2050][err] [2050:2064:0622/011038.855677:ERROR:bus.cc(399)] Failed to connect to the bus: Could not parse server address: Unknown address type (examples of valid types are \"tcp\" and on UNIX \"unix\")\n[pid=2050][err] [2050:2064:0622/011038.855744:ERROR:bus.cc(399)] Failed to connect to the bus: Could not parse server address: Unknown address type (examples of valid types are \"tcp\" and on UNIX \"unix\")\n[pid=2050][err] [2050:2064:0622/011038.855760:ERROR:bus.cc(399)] Failed to connect to the bus: Could not parse server address: Unknown address type (examples of valid types are \"tcp\" and on UNIX \"unix\")\n[pid=2050][err] [2050:2064:0622/011038.855771:ERROR:bus.cc(399)] Failed to connect to the bus: Could not parse server address: Unknown address type (examples of valid types are \"tcp\" and on UNIX \"unix\")\n[pid=2050][err] [0622/011038.882106:ERROR:file_io_posix.cc(144)] open /sys/devices/system/cpu/cpu0/cpufreq/scaling_cur_freq: No such file or directory (2)\n[pid=2050][err] [0622/011038.882176:ERROR:file_io_posix.cc(144)] open /sys/devices/system/cpu/cpu0/cpufreq/scaling_max_freq: No such file or directory (2)\n[pid=2050][err] Received signal 11 SEGV_MAPERR 000000000000\n[pid=2050][err] #0 0x55ec4e439792 base::debug::CollectStackTrace()\n[pid=2050][err] #1 0x55ec4e426123 base::debug::StackTrace::StackTrace()\n[pid=2050][err] #2 0x55ec4e439221 base::debug::(anonymous namespace)::StackDumpSignalHandler()\n[pid=2050][err] #3 0x7f7df9ba6520 (/usr/lib/x86_64-linux-gnu/libc.so.6+0x4251f)\n[pid=2050][err] #4 0x55ec4e939f6d net::internal::AddressTrackerLinux::SetDiffCallback()\n[pid=2050][err] #5 0x55ec4c730c2b content::NetworkServiceClient::OnNetworkServiceInitialized()\n[pid=2050][err] #6 0x55ec4c732aa0 content::GetNetworkService()\n[pid=2050][err] #7 0x55ec4f08c376 network::NetworkQualityTracker::InitializeMojoChannel()\n[pid=2050][err] #8 0x55ec4f08c30e network::NetworkQualityTracker::NetworkQualityTracker()\n[pid=2050][err] #9 0x55ec4ded176e BrowserProcessImpl::network_quality_tracker()\n[pid=2050][err] #10 0x55ec4ded3163 BrowserProcessImpl::PreMainMessageLoopRun()\n[pid=2050][err] #11 0x55ec4decdf8f ChromeBrowserMainParts::PreMainMessageLoopRunImpl()\n[pid=2050][err] #12 0x55ec4decde8a ChromeBrowserMainParts::PreMainMessageLoopRun()\n[pid=2050][err] #13 0x55ec4c3ea228 content::BrowserMainLoop::PreMainMessageLoopRun()\n[pid=2050][err] #14 0x55ec4ca5d39b content::StartupTaskRunner::RunAllTasksNow()\n[pid=2050][err] #15 0x55ec4c3e9e77 content::BrowserMainLoop::CreateStartupTasks()\n[pid=2050][err] #16 0x55ec4c3ec7ee content::BrowserMainRunnerImpl::Initialize()\n[pid=2050][err] #17 0x55ec4c3e85ad content::BrowserMain()\n[pid=2050][err] #18 0x55ec4d8c7228 content::RunBrowserProcessMain()\n[pid=2050][err] #19 0x55ec4d8c8b24 content::ContentMainRunnerImpl::RunBrowser()\n[pid=2050][err] #20 0x55ec4d8c8915 content::ContentMainRunnerImpl::Run()\n[pid=2050][err] #21 0x55ec4d8c604c content::RunContentProcess()\n[pid=2050][err] #22 0x55ec4d8c61b6 content::ContentMain()\n[pid=2050][err] #23 0x55ec49fd6309 ChromeMain\n[pid=2050][err] #24 0x7f7df9b8dd90 (/usr/lib/x86_64-linux-gnu/libc.so.6+0x29d8f)\n[pid=2050][err] #25 0x7f7df9b8de40 __libc_start_main\n[pid=2050][err] #26 0x55ec49fd602a _start\n[pid=2050][err]   r8: 0000034c00b953c0  r9: 0000000000000000 r10: 000055ec54dd2cc0 r11: 0000000000000000\n[pid=2050][err]  r12: 0000034c00b953c0 r13: 00007ffeb05788d0 r14: 0000034c0036dc00 r15: 0000034c0036dc00\n[pid=2050][err]   di: 0000000000000000  si: 0000034c00b953c0  bp: 00007ffeb0578890  bx: 0000034c00640540\n[pid=2050][err]   dx: 000055ec4c7317a0  ax: 000055ec4c730c80  cx: 000055ec48191900  sp: 00007ffeb0578820\n[pid=2050][err]   ip: 000055ec4e939f6d efl: 0000000000010202 cgf: 002b000000000033 erf: 0000000000000004\n[pid=2050][err]  trp: 000000000000000e msk: 0000000000000000 cr2: 0000000000000000\n[pid=2050][err] [end of stack trace]\n[pid=2050][err] [0622/011040.736754:ERROR:nacl_helper_linux.cc(355)] NaCl helper process running without a sandbox!\n[pid=2050][err] Most likely you need to configure your SUID sandbox correctly\n=========================== logs ===========================\n<launching> /usr/bin/chromium-browser --disable-field-trial-config --disable-background-networking --enable-features=NetworkService,NetworkServiceInProcess --disable-background-timer-throttling --disable-backgrounding-occluded-windows --disable-back-forward-cache --disable-breakpad --disable-client-side-phishing-detection --disable-component-extensions-with-background-pages --disable-component-update --no-default-browser-check --disable-default-apps --disable-dev-shm-usage --disable-extensions --disable-features=ImprovedCookieControls,LazyFrameLoading,GlobalMediaControls,DestroyProfileOnBrowserClose,MediaRouter,DialMediaRouteProvider,AcceptCHFrame,AutoExpandDetailsElement,CertificateTransparencyComponentUpdater,AvoidUnnecessaryBeforeUnloadCheckSync,Translate --allow-pre-commit-input --disable-hang-monitor --disable-ipc-flooding-protection --disable-popup-blocking --disable-prompt-on-repost --disable-renderer-backgrounding --force-color-profile=srgb --metrics-recording-only --no-first-run --enable-automation --password-store=basic --use-mock-keychain --no-service-autorun --export-tagged-pdf --no-sandbox --disable-gpu --no-sandbox --disable-dev-shm-usage --no-first-run --no-service-autorun --no-default-browser-check --password-store=basic --incognito --user-data-dir=/tmp/playwright_chromiumdev_profile-f7xk1p --remote-debugging-pipe --no-startup-window\n<launched> pid=2050\n[pid=2050][err] [2050:2064:0622/011038.855677:ERROR:bus.cc(399)] Failed to connect to the bus: Could not parse server address: Unknown address type (examples of valid types are \"tcp\" and on UNIX \"unix\")\n[pid=2050][err] [2050:2064:0622/011038.855744:ERROR:bus.cc(399)] Failed to connect to the bus: Could not parse server address: Unknown address type (examples of valid types are \"tcp\" and on UNIX \"unix\")\n[pid=2050][err] [2050:2064:0622/011038.855760:ERROR:bus.cc(399)] Failed to connect to the bus: Could not parse server address: Unknown address type (examples of valid types are \"tcp\" and on UNIX \"unix\")\n[pid=2050][err] [2050:2064:0622/011038.855771:ERROR:bus.cc(399)] Failed to connect to the bus: Could not parse server address: Unknown address type (examples of valid types are \"tcp\" and on UNIX \"unix\")\n[pid=2050][err] [0622/011038.882106:ERROR:file_io_posix.cc(144)] open /sys/devices/system/cpu/cpu0/cpufreq/scaling_cur_freq: No such file or directory (2)\n[pid=2050][err] [0622/011038.882176:ERROR:file_io_posix.cc(144)] open /sys/devices/system/cpu/cpu0/cpufreq/scaling_max_freq: No such file or directory (2)\n[pid=2050][err] Received signal 11 SEGV_MAPERR 000000000000\n[pid=2050][err] #0 0x55ec4e439792 base::debug::CollectStackTrace()\n[pid=2050][err] #1 0x55ec4e426123 base::debug::StackTrace::StackTrace()\n[pid=2050][err] #2 0x55ec4e439221 base::debug::(anonymous namespace)::StackDumpSignalHandler()\n[pid=2050][err] #3 0x7f7df9ba6520 (/usr/lib/x86_64-linux-gnu/libc.so.6+0x4251f)\n[pid=2050][err] #4 0x55ec4e939f6d net::internal::AddressTrackerLinux::SetDiffCallback()\n[pid=2050][err] #5 0x55ec4c730c2b content::NetworkServiceClient::OnNetworkServiceInitialized()\n[pid=2050][err] #6 0x55ec4c732aa0 content::GetNetworkService()\n[pid=2050][err] #7 0x55ec4f08c376 network::NetworkQualityTracker::InitializeMojoChannel()\n[pid=2050][err] #8 0x55ec4f08c30e network::NetworkQualityTracker::NetworkQualityTracker()\n[pid=2050][err] #9 0x55ec4ded176e BrowserProcessImpl::network_quality_tracker()\n[pid=2050][err] #10 0x55ec4ded3163 BrowserProcessImpl::PreMainMessageLoopRun()\n[pid=2050][err] #11 0x55ec4decdf8f ChromeBrowserMainParts::PreMainMessageLoopRunImpl()\n[pid=2050][err] #12 0x55ec4decde8a ChromeBrowserMainParts::PreMainMessageLoopRun()\n[pid=2050][err] #13 0x55ec4c3ea228 content::BrowserMainLoop::PreMainMessageLoopRun()\n[pid=2050][err] #14 0x55ec4ca5d39b content::StartupTaskRunner::RunAllTasksNow()\n[pid=2050][err] #15 0x55ec4c3e9e77 content::BrowserMainLoop::CreateStartupTasks()\n[pid=2050][err] #16 0x55ec4c3ec7ee content::BrowserMainRunnerImpl::Initialize()\n[pid=2050][err] #17 0x55ec4c3e85ad content::BrowserMain()\n[pid=2050][err] #18 0x55ec4d8c7228 content::RunBrowserProcessMain()\n[pid=2050][err] #19 0x55ec4d8c8b24 content::ContentMainRunnerImpl::RunBrowser()\n[pid=2050][err] #20 0x55ec4d8c8915 content::ContentMainRunnerImpl::Run()\n[pid=2050][err] #21 0x55ec4d8c604c content::RunContentProcess()\n[pid=2050][err] #22 0x55ec4d8c61b6 content::ContentMain()\n[pid=2050][err] #23 0x55ec49fd6309 ChromeMain\n[pid=2050][err] #24 0x7f7df9b8dd90 (/usr/lib/x86_64-linux-gnu/libc.so.6+0x29d8f)\n[pid=2050][err] #25 0x7f7df9b8de40 __libc_start_main\n[pid=2050][err] #26 0x55ec49fd602a _start\n[pid=2050][err]   r8: 0000034c00b953c0  r9: 0000000000000000 r10: 000055ec54dd2cc0 r11: 0000000000000000\n[pid=2050][err]  r12: 0000034c00b953c0 r13: 00007ffeb05788d0 r14: 0000034c0036dc00 r15: 0000034c0036dc00\n[pid=2050][err]   di: 0000000000000000  si: 0000034c00b953c0  bp: 00007ffeb0578890  bx: 0000034c00640540\n[pid=2050][err]   dx: 000055ec4c7317a0  ax: 000055ec4c730c80  cx: 000055ec48191900  sp: 00007ffeb0578820\n[pid=2050][err]   ip: 000055ec4e939f6d efl: 0000000000010202 cgf: 002b000000000033 erf: 0000000000000004\n[pid=2050][err]  trp: 000000000000000e msk: 0000000000000000 cr2: 0000000000000000\n[pid=2050][err] [end of stack trace]\n[pid=2050][err] [0622/011040.736754:ERROR:nacl_helper_linux.cc(355)] NaCl helper process running without a sandbox!\n[pid=2050][err] Most likely you need to configure your SUID sandbox correctly\n============================================================\n    at /tmp/playwright-java-16211996645046875954/package/lib/server/chromium/crConnection.js:169:16\n    at new Promise (<anonymous>)\n    at CRSession.send (/tmp/playwright-java-16211996645046875954/package/lib/server/chromium/crConnection.js:165:12)\n    at CRBrowser.connect (/tmp/playwright-java-16211996645046875954/package/lib/server/chromium/crBrowser.js:47:35)\n    at Chromium._connectToTransport (/tmp/playwright-java-16211996645046875954/package/lib/server/chromium/chromium.js:131:33)\n    at Chromium._innerLaunch (/tmp/playwright-java-16211996645046875954/package/lib/server/browserType.js:128:32)\n    at async Chromium._innerLaunchWithRetries (/tmp/playwright-java-16211996645046875954/package/lib/server/browserType.js:86:14)\n    at async ProgressController.run (/tmp/playwright-java-16211996645046875954/package/lib/server/progress.js:92:22)\n    at async Chromium.launch (/tmp/playwright-java-16211996645046875954/package/lib/server/browserType.js:63:21)\n    at async BrowserTypeDispatcher.launch (/tmp/playwright-java-16211996645046875954/package/lib/server/dispatchers/browserTypeDispatcher.js:35:21)\n}",
                "passed": false
            },
            "episodes": {
                "error": "eu.kanade.tachiyomi.network.HttpException: HTTP error 403",
                "passed": false
            },
            "videos": {
                "error": "eu.kanade.tachiyomi.network.HttpException: HTTP error 403",
                "passed": false
            }
        }
    }
]